0 ~ splitRank 0, num Ranks: 8

# my rank extents: 0-128, 0-128, 0-128
|After build octree: 0 MB 

# my leaves extents: 
|After find partitions: 0 MB 
0 ~ leafExtents(leafCounter: 0, leaf: 0 = 0-64, 0-64, 0-64
0 ~ leafExtents(leafCounter: 1, leaf: 1 = 0-64, 0-64, 64-128
0 ~ leafExtents(leafCounter: 2, leaf: 2 = 0-64, 64-128, 0-64
0 ~ leafExtents(leafCounter: 3, leaf: 3 = 0-64, 64-128, 64-128
0 ~ leafExtents(leafCounter: 4, leaf: 4 = 64-128, 0-64, 0-64
0 ~ leafExtents(leafCounter: 5, leaf: 5 = 64-128, 0-64, 64-128
0 ~ leafExtents(leafCounter: 6, leaf: 6 = 64-128, 64-128, 0-64
0 ~ leafExtents(leafCounter: 7, leaf: 7 = 64-128, 64-128, 64-128

num leaves For My Rank: 8
|After getLeafExtents: 0 MB 

# particles for my leaves: 
0 ~ leaf: 0, leaf count: 1229
0 ~ leaf: 1, leaf count: 1266
0 ~ leaf: 2, leaf count: 1242
0 ~ leaf: 3, leaf count: 1266
0 ~ leaf: 4, leaf count: 1262
0 ~ leaf: 5, leaf count: 1219
0 ~ leaf: 6, leaf count: 1262
0 ~ leaf: 7, leaf count: 1254
|After findLeaf: 0.140625 MB 

ALL Gather Num leaves per rank: 
0 leaves for rank 8
1 leaves for rank 8
2 leaves for rank 8
3 leaves for rank 8
4 leaves for rank 8
5 leaves for rank 8
6 leaves for rank 8
7 leaves for rank 8
|After reorganize array: 0.0625 MB 

total Leaves For Sim: 64

All Gatherv Num particles per leaf: 
0 ~ 1229
1 ~ 1266
2 ~ 1242
3 ~ 1266
4 ~ 1262
5 ~ 1219
6 ~ 1262
7 ~ 1254
8 ~ 1265
9 ~ 1255
10 ~ 1228
11 ~ 1260
12 ~ 1240
13 ~ 1213
14 ~ 1252
15 ~ 1287
16 ~ 1270
17 ~ 1248
18 ~ 1263
19 ~ 1229
20 ~ 1255
21 ~ 1246
22 ~ 1232
23 ~ 1257
24 ~ 1277
25 ~ 1253
26 ~ 1224
27 ~ 1235
28 ~ 1269
29 ~ 1241
30 ~ 1254
31 ~ 1247
32 ~ 1223
33 ~ 1227
34 ~ 1246
35 ~ 1179
36 ~ 1312
37 ~ 1251
38 ~ 1280
39 ~ 1282
40 ~ 1284
41 ~ 1242
42 ~ 1212
43 ~ 1241
44 ~ 1299
45 ~ 1178
46 ~ 1277
47 ~ 1267
48 ~ 1195
49 ~ 1259
50 ~ 1244
51 ~ 1199
52 ~ 1244
53 ~ 1254
54 ~ 1307
55 ~ 1298
56 ~ 1314
57 ~ 1256
58 ~ 1272
59 ~ 1210
60 ~ 1268
61 ~ 1221
62 ~ 1274
63 ~ 1185
|After all gather: 0.0625 MB 

Num extents per leaf: 
0 ~ 0-64, 0-64, 0-64
1 ~ 0-64, 0-64, 64-128
2 ~ 0-64, 64-128, 0-64
3 ~ 0-64, 64-128, 64-128
4 ~ 64-128, 0-64, 0-64
5 ~ 64-128, 0-64, 64-128
6 ~ 64-128, 64-128, 0-64
7 ~ 64-128, 64-128, 64-128
8 ~ 0-64, 0-64, 128-192
9 ~ 0-64, 0-64, 192-256
10 ~ 0-64, 64-128, 128-192
11 ~ 0-64, 64-128, 192-256
12 ~ 64-128, 0-64, 128-192
13 ~ 64-128, 0-64, 192-256
14 ~ 64-128, 64-128, 128-192
15 ~ 64-128, 64-128, 192-256
16 ~ 0-64, 128-192, 0-64
17 ~ 0-64, 128-192, 64-128
18 ~ 0-64, 192-256, 0-64
19 ~ 0-64, 192-256, 64-128
20 ~ 64-128, 128-192, 0-64
21 ~ 64-128, 128-192, 64-128
22 ~ 64-128, 192-256, 0-64
23 ~ 64-128, 192-256, 64-128
24 ~ 0-64, 128-192, 128-192
25 ~ 0-64, 128-192, 192-256
26 ~ 0-64, 192-256, 128-192
27 ~ 0-64, 192-256, 192-256
28 ~ 64-128, 128-192, 128-192
29 ~ 64-128, 128-192, 192-256
30 ~ 64-128, 192-256, 128-192
31 ~ 64-128, 192-256, 192-256
32 ~ 128-192, 0-64, 0-64
33 ~ 128-192, 0-64, 64-128
34 ~ 128-192, 64-128, 0-64
35 ~ 128-192, 64-128, 64-128
36 ~ 192-256, 0-64, 0-64
37 ~ 192-256, 0-64, 64-128
38 ~ 192-256, 64-128, 0-64
39 ~ 192-256, 64-128, 64-128
40 ~ 128-192, 0-64, 128-192
41 ~ 128-192, 0-64, 192-256
42 ~ 128-192, 64-128, 128-192
43 ~ 128-192, 64-128, 192-256
44 ~ 192-256, 0-64, 128-192
45 ~ 192-256, 0-64, 192-256
46 ~ 192-256, 64-128, 128-192
47 ~ 192-256, 64-128, 192-256
48 ~ 128-192, 128-192, 0-64
49 ~ 128-192, 128-192, 64-128
50 ~ 128-192, 192-256, 0-64
51 ~ 128-192, 192-256, 64-128
52 ~ 192-256, 128-192, 0-64
53 ~ 192-256, 128-192, 64-128
54 ~ 192-256, 192-256, 0-64
55 ~ 192-256, 192-256, 64-128
56 ~ 128-192, 128-192, 128-192
57 ~ 128-192, 128-192, 192-256
58 ~ 128-192, 192-256, 128-192
59 ~ 128-192, 192-256, 192-256
60 ~ 192-256, 128-192, 128-192
61 ~ 192-256, 128-192, 192-256
62 ~ 192-256, 192-256, 128-192
63 ~ 192-256, 192-256, 192-256

addOctreeHeader 

 numLeavesPerRank[r]: 8

 addOctreeRow: 0, , 1229, 0,0

 addOctreeRow: 1, , 1266, 1229,0

 addOctreeRow: 2, , 1242, 2495,0

 addOctreeRow: 3, , 1266, 3737,0

 addOctreeRow: 4, , 1262, 5003,0

 addOctreeRow: 5, , 1219, 6265,0

 addOctreeRow: 6, , 1262, 7484,0

 addOctreeRow: 7, , 1254, 8746,0

 numLeavesPerRank[r]: 8

 addOctreeRow: 8, , 1265, 0,1

 addOctreeRow: 9, , 1255, 1265,1

 addOctreeRow: 10, , 1228, 2520,1

 addOctreeRow: 11, , 1260, 3748,1

 addOctreeRow: 12, , 1240, 5008,1

 addOctreeRow: 13, , 1213, 6248,1

 addOctreeRow: 14, , 1252, 7461,1

 addOctreeRow: 15, , 1287, 8713,1

 numLeavesPerRank[r]: 8

 addOctreeRow: 16, , 1270, 0,2

 addOctreeRow: 17, , 1248, 1270,2

 addOctreeRow: 18, , 1263, 2518,2

 addOctreeRow: 19, , 1229, 3781,2

 addOctreeRow: 20, , 1255, 5010,2

 addOctreeRow: 21, , 1246, 6265,2

 addOctreeRow: 22, , 1232, 7511,2

 addOctreeRow: 23, , 1257, 8743,2

 numLeavesPerRank[r]: 8

 addOctreeRow: 24, , 1277, 0,3

 addOctreeRow: 25, , 1253, 1277,3

 addOctreeRow: 26, , 1224, 2530,3

 addOctreeRow: 27, , 1235, 3754,3

 addOctreeRow: 28, , 1269, 4989,3

 addOctreeRow: 29, , 1241, 6258,3

 addOctreeRow: 30, , 1254, 7499,3

 addOctreeRow: 31, , 1247, 8753,3

 numLeavesPerRank[r]: 8

 addOctreeRow: 32, , 1223, 0,4

 addOctreeRow: 33, , 1227, 1223,4

 addOctreeRow: 34, , 1246, 2450,4

 addOctreeRow: 35, , 1179, 3696,4

 addOctreeRow: 36, , 1312, 4875,4

 addOctreeRow: 37, , 1251, 6187,4

 addOctreeRow: 38, , 1280, 7438,4

 addOctreeRow: 39, , 1282, 8718,4

 numLeavesPerRank[r]: 8

 addOctreeRow: 40, , 1284, 0,5

 addOctreeRow: 41, , 1242, 1284,5

 addOctreeRow: 42, , 1212, 2526,5

 addOctreeRow: 43, , 1241, 3738,5

 addOctreeRow: 44, , 1299, 4979,5

 addOctreeRow: 45, , 1178, 6278,5

 addOctreeRow: 46, , 1277, 7456,5

 addOctreeRow: 47, , 1267, 8733,5

 numLeavesPerRank[r]: 8

 addOctreeRow: 48, , 1195, 0,6

 addOctreeRow: 49, , 1259, 1195,6

 addOctreeRow: 50, , 1244, 2454,6

 addOctreeRow: 51, , 1199, 3698,6

 addOctreeRow: 52, , 1244, 4897,6

 addOctreeRow: 53, , 1254, 6141,6

 addOctreeRow: 54, , 1307, 7395,6

 addOctreeRow: 55, , 1298, 8702,6

 numLeavesPerRank[r]: 8

 addOctreeRow: 56, , 1314, 0,7

 addOctreeRow: 57, , 1256, 1314,7

 addOctreeRow: 58, , 1272, 2570,7

 addOctreeRow: 59, , 1210, 3842,7

 addOctreeRow: 60, , 1268, 5052,7

 addOctreeRow: 61, , 1221, 6320,7

 addOctreeRow: 62, , 1274, 7541,7

 addOctreeRow: 63, , 1185, 8815,7
|After, mem leaked: 0.0625 MB 
